<?xml version="1.0" encoding="UTF-8"?>
<!-- Generated by org.testng.reporters.JUnitReportReporter -->
<testsuite hostname="DESKTOP-9HBQD33" failures="0" tests="2" name="com.shopQAPOM.auto.testcases.HomePageTest" time="83.018" errors="0" timestamp="11 Jan. 2020 00:13:00 GMT" skipped="0">
  <testcase classname="com.shopQAPOM.auto.testcases.HomePageTest" name="homePageTitleTest" time="49.071"/>
  <testcase classname="com.shopQAPOM.auto.testcases.HomePageTest" name="LoginButtonTest" time="33.947"/>
</testsuite> <!-- com.shopQAPOM.auto.testcases.HomePageTest -->
