<?xml version="1.0" encoding="UTF-8"?>
<!-- Generated by org.testng.reporters.JUnitReportReporter -->
<testsuite hostname="DESKTOP-9HBQD33" failures="0" tests="2" name="com.shopQAPOM.auto.testcases.HomePageTests" time="47.452" errors="0" timestamp="09 Jan. 2020 01:50:00 GMT" skipped="0">
  <testcase classname="com.shopQAPOM.auto.testcases.HomePageTests" name="homePageTitleTest" time="21.265"/>
  <testcase classname="com.shopQAPOM.auto.testcases.HomePageTests" name="LoginButtonTest" time="26.187"/>
</testsuite> <!-- com.shopQAPOM.auto.testcases.HomePageTests -->
