<?xml version="1.0" encoding="UTF-8"?>
<!-- Generated by org.testng.reporters.JUnitReportReporter -->
<testsuite skipped="0" hostname="DESKTOP-9HBQD33" name="com.shopQAPOM.auto.testcases.MyAccountPageTests" tests="2" failures="0" timestamp="08 Jan 2020 02:00:43 GMT" time="30.534" errors="0">
  <testcase name="signOnTest" time="14.425" classname="com.shopQAPOM.auto.testcases.MyAccountPageTests"/>
  <testcase name="validatePageTitle" time="16.109" classname="com.shopQAPOM.auto.testcases.MyAccountPageTests"/>
</testsuite> <!-- com.shopQAPOM.auto.testcases.MyAccountPageTests -->
